<?xml version="1.0" encoding="UTF-8"?>
<!-- Generated by org.testng.reporters.JUnitReportReporter -->
<testsuite hostname="DESKTOP-LU71KU0" failures="0" tests="2" name="com.skillzin.testcases.FaceBookTest" time="14.307" errors="0" timestamp="2024-07-08T13:02:15 IST" skipped="0">
  <testcase classname="com.skillzin.testcases.FaceBookTest" name="faceBookLoginTest" time="7.113"/>
  <testcase classname="com.skillzin.testcases.FaceBookTest" name="faceBookForgottenPassword" time="7.194"/>
</testsuite> <!-- com.skillzin.testcases.FaceBookTest -->
